  [1m[36m (1.4ms)[0m  [1mCREATE TABLE "schema_migrations" ("version" varchar NOT NULL) [0m
  [1m[35m (0.1ms)[0m  select sqlite_version(*)
  [1m[36m (1.1ms)[0m  [1mCREATE UNIQUE INDEX "unique_schema_migrations" ON "schema_migrations" ("version")[0m
  [1m[35mActiveRecord::SchemaMigration Load (0.1ms)[0m  SELECT "schema_migrations".* FROM "schema_migrations"


Started GET "/" for ::1 at 2015-11-16 16:12:00 -0600
Processing by Rails::WelcomeController#index as HTML
  Rendered /Users/admin/.rvm/gems/ruby-2.1.2/gems/railties-4.2.3/lib/rails/templates/rails/welcome/index.html.erb (1.9ms)
Completed 200 OK in 48ms (Views: 36.7ms | ActiveRecord: 0.0ms)


Started GET "/" for ::1 at 2019-02-01 15:42:50 -0500
Processing by Rails::WelcomeController#index as HTML
  Rendered /Users/stephanieabud/.rvm/gems/ruby-2.3.3/gems/railties-4.2.11/lib/rails/templates/rails/welcome/index.html.erb (1.6ms)
Completed 200 OK in 23ms (Views: 12.3ms | ActiveRecord: 0.0ms)


Started GET "/" for ::1 at 2019-02-01 15:54:51 -0500
Processing by Rails::WelcomeController#index as HTML
  Rendered /Users/stephanieabud/.rvm/gems/ruby-2.3.3/gems/railties-4.2.11/lib/rails/templates/rails/welcome/index.html.erb (0.1ms)
Completed 200 OK in 10ms (Views: 8.4ms | ActiveRecord: 0.0ms)
  [1m[36mActiveRecord::SchemaMigration Load (0.1ms)[0m  [1mSELECT "schema_migrations".* FROM "schema_migrations"[0m


Started GET "/" for ::1 at 2019-02-04 15:43:10 -0500
Processing by Rails::WelcomeController#index as HTML
  Rendered /Users/stephanieabud/.rvm/gems/ruby-2.3.3/gems/railties-4.2.11/lib/rails/templates/rails/welcome/index.html.erb (2.1ms)
Completed 200 OK in 29ms (Views: 17.1ms | ActiveRecord: 0.0ms)


Started GET "/hello_world" for ::1 at 2019-02-04 15:43:43 -0500

ActionController::RoutingError (uninitialized constant AllsController):
  activesupport (4.2.11) lib/active_support/inflector/methods.rb:261:in `const_get'
  activesupport (4.2.11) lib/active_support/inflector/methods.rb:261:in `block in constantize'
  activesupport (4.2.11) lib/active_support/inflector/methods.rb:259:in `each'
  activesupport (4.2.11) lib/active_support/inflector/methods.rb:259:in `inject'
  activesupport (4.2.11) lib/active_support/inflector/methods.rb:259:in `constantize'
  actionpack (4.2.11) lib/action_dispatch/routing/route_set.rb:70:in `controller_reference'
  actionpack (4.2.11) lib/action_dispatch/routing/route_set.rb:60:in `controller'
  actionpack (4.2.11) lib/action_dispatch/routing/route_set.rb:39:in `serve'
  actionpack (4.2.11) lib/action_dispatch/journey/router.rb:43:in `block in serve'
  actionpack (4.2.11) lib/action_dispatch/journey/router.rb:30:in `each'
  actionpack (4.2.11) lib/action_dispatch/journey/router.rb:30:in `serve'
  actionpack (4.2.11) lib/action_dispatch/routing/route_set.rb:817:in `call'
  rack (1.6.11) lib/rack/etag.rb:24:in `call'
  rack (1.6.11) lib/rack/conditionalget.rb:25:in `call'
  rack (1.6.11) lib/rack/head.rb:13:in `call'
  actionpack (4.2.11) lib/action_dispatch/middleware/params_parser.rb:27:in `call'
  actionpack (4.2.11) lib/action_dispatch/middleware/flash.rb:260:in `call'
  rack (1.6.11) lib/rack/session/abstract/id.rb:225:in `context'
  rack (1.6.11) lib/rack/session/abstract/id.rb:220:in `call'
  actionpack (4.2.11) lib/action_dispatch/middleware/cookies.rb:560:in `call'
  activerecord (4.2.11) lib/active_record/query_cache.rb:36:in `call'
  activerecord (4.2.11) lib/active_record/connection_adapters/abstract/connection_pool.rb:653:in `call'
  activerecord (4.2.11) lib/active_record/migration.rb:377:in `call'
  actionpack (4.2.11) lib/action_dispatch/middleware/callbacks.rb:29:in `block in call'
  activesupport (4.2.11) lib/active_support/callbacks.rb:88:in `__run_callbacks__'
  activesupport (4.2.11) lib/active_support/callbacks.rb:778:in `_run_call_callbacks'
  activesupport (4.2.11) lib/active_support/callbacks.rb:81:in `run_callbacks'
  actionpack (4.2.11) lib/action_dispatch/middleware/callbacks.rb:27:in `call'
  actionpack (4.2.11) lib/action_dispatch/middleware/reloader.rb:73:in `call'
  actionpack (4.2.11) lib/action_dispatch/middleware/remote_ip.rb:78:in `call'
  actionpack (4.2.11) lib/action_dispatch/middleware/debug_exceptions.rb:17:in `call'
  actionpack (4.2.11) lib/action_dispatch/middleware/show_exceptions.rb:30:in `call'
  railties (4.2.11) lib/rails/rack/logger.rb:38:in `call_app'
  railties (4.2.11) lib/rails/rack/logger.rb:20:in `block in call'
  activesupport (4.2.11) lib/active_support/tagged_logging.rb:68:in `block in tagged'
  activesupport (4.2.11) lib/active_support/tagged_logging.rb:26:in `tagged'
  activesupport (4.2.11) lib/active_support/tagged_logging.rb:68:in `tagged'
  railties (4.2.11) lib/rails/rack/logger.rb:20:in `call'
  actionpack (4.2.11) lib/action_dispatch/middleware/request_id.rb:21:in `call'
  rack (1.6.11) lib/rack/methodoverride.rb:22:in `call'
  rack (1.6.11) lib/rack/runtime.rb:18:in `call'
  activesupport (4.2.11) lib/active_support/cache/strategy/local_cache_middleware.rb:28:in `call'
  rack (1.6.11) lib/rack/lock.rb:17:in `call'
  actionpack (4.2.11) lib/action_dispatch/middleware/static.rb:120:in `call'
  rack (1.6.11) lib/rack/sendfile.rb:113:in `call'
  railties (4.2.11) lib/rails/engine.rb:518:in `call'
  railties (4.2.11) lib/rails/application.rb:165:in `call'
  rack (1.6.11) lib/rack/lock.rb:17:in `call'
  rack (1.6.11) lib/rack/content_length.rb:15:in `call'
  rack (1.6.11) lib/rack/handler/webrick.rb:88:in `service'
  /Users/stephanieabud/.rvm/rubies/ruby-2.3.3/lib/ruby/2.3.0/webrick/httpserver.rb:140:in `service'
  /Users/stephanieabud/.rvm/rubies/ruby-2.3.3/lib/ruby/2.3.0/webrick/httpserver.rb:96:in `run'
  /Users/stephanieabud/.rvm/rubies/ruby-2.3.3/lib/ruby/2.3.0/webrick/server.rb:296:in `block in start_thread'


  Rendered /Users/stephanieabud/.rvm/gems/ruby-2.3.3/gems/actionpack-4.2.11/lib/action_dispatch/middleware/templates/rescues/_trace.html.erb (1.8ms)
  Rendered /Users/stephanieabud/.rvm/gems/ruby-2.3.3/gems/actionpack-4.2.11/lib/action_dispatch/middleware/templates/routes/_route.html.erb (0.9ms)
  Rendered /Users/stephanieabud/.rvm/gems/ruby-2.3.3/gems/actionpack-4.2.11/lib/action_dispatch/middleware/templates/routes/_table.html.erb (11.7ms)
  Rendered /Users/stephanieabud/.rvm/gems/ruby-2.3.3/gems/actionpack-4.2.11/lib/action_dispatch/middleware/templates/rescues/_request_and_response.html.erb (1.4ms)
  Rendered /Users/stephanieabud/.rvm/gems/ruby-2.3.3/gems/actionpack-4.2.11/lib/action_dispatch/middleware/templates/rescues/routing_error.html.erb within rescues/layout (152.4ms)


Started GET "/all" for ::1 at 2019-02-04 15:44:21 -0500

ActionController::RoutingError (uninitialized constant AllsController):
  activesupport (4.2.11) lib/active_support/inflector/methods.rb:261:in `const_get'
  activesupport (4.2.11) lib/active_support/inflector/methods.rb:261:in `block in constantize'
  activesupport (4.2.11) lib/active_support/inflector/methods.rb:259:in `each'
  activesupport (4.2.11) lib/active_support/inflector/methods.rb:259:in `inject'
  activesupport (4.2.11) lib/active_support/inflector/methods.rb:259:in `constantize'
  actionpack (4.2.11) lib/action_dispatch/routing/route_set.rb:70:in `controller_reference'
  actionpack (4.2.11) lib/action_dispatch/routing/route_set.rb:60:in `controller'
  actionpack (4.2.11) lib/action_dispatch/routing/route_set.rb:39:in `serve'
  actionpack (4.2.11) lib/action_dispatch/journey/router.rb:43:in `block in serve'
  actionpack (4.2.11) lib/action_dispatch/journey/router.rb:30:in `each'
  actionpack (4.2.11) lib/action_dispatch/journey/router.rb:30:in `serve'
  actionpack (4.2.11) lib/action_dispatch/routing/route_set.rb:817:in `call'
  rack (1.6.11) lib/rack/etag.rb:24:in `call'
  rack (1.6.11) lib/rack/conditionalget.rb:25:in `call'
  rack (1.6.11) lib/rack/head.rb:13:in `call'
  actionpack (4.2.11) lib/action_dispatch/middleware/params_parser.rb:27:in `call'
  actionpack (4.2.11) lib/action_dispatch/middleware/flash.rb:260:in `call'
  rack (1.6.11) lib/rack/session/abstract/id.rb:225:in `context'
  rack (1.6.11) lib/rack/session/abstract/id.rb:220:in `call'
  actionpack (4.2.11) lib/action_dispatch/middleware/cookies.rb:560:in `call'
  activerecord (4.2.11) lib/active_record/query_cache.rb:36:in `call'
  activerecord (4.2.11) lib/active_record/connection_adapters/abstract/connection_pool.rb:653:in `call'
  activerecord (4.2.11) lib/active_record/migration.rb:377:in `call'
  actionpack (4.2.11) lib/action_dispatch/middleware/callbacks.rb:29:in `block in call'
  activesupport (4.2.11) lib/active_support/callbacks.rb:88:in `__run_callbacks__'
  activesupport (4.2.11) lib/active_support/callbacks.rb:778:in `_run_call_callbacks'
  activesupport (4.2.11) lib/active_support/callbacks.rb:81:in `run_callbacks'
  actionpack (4.2.11) lib/action_dispatch/middleware/callbacks.rb:27:in `call'
  actionpack (4.2.11) lib/action_dispatch/middleware/reloader.rb:73:in `call'
  actionpack (4.2.11) lib/action_dispatch/middleware/remote_ip.rb:78:in `call'
  actionpack (4.2.11) lib/action_dispatch/middleware/debug_exceptions.rb:17:in `call'
  actionpack (4.2.11) lib/action_dispatch/middleware/show_exceptions.rb:30:in `call'
  railties (4.2.11) lib/rails/rack/logger.rb:38:in `call_app'
  railties (4.2.11) lib/rails/rack/logger.rb:20:in `block in call'
  activesupport (4.2.11) lib/active_support/tagged_logging.rb:68:in `block in tagged'
  activesupport (4.2.11) lib/active_support/tagged_logging.rb:26:in `tagged'
  activesupport (4.2.11) lib/active_support/tagged_logging.rb:68:in `tagged'
  railties (4.2.11) lib/rails/rack/logger.rb:20:in `call'
  actionpack (4.2.11) lib/action_dispatch/middleware/request_id.rb:21:in `call'
  rack (1.6.11) lib/rack/methodoverride.rb:22:in `call'
  rack (1.6.11) lib/rack/runtime.rb:18:in `call'
  activesupport (4.2.11) lib/active_support/cache/strategy/local_cache_middleware.rb:28:in `call'
  rack (1.6.11) lib/rack/lock.rb:17:in `call'
  actionpack (4.2.11) lib/action_dispatch/middleware/static.rb:120:in `call'
  rack (1.6.11) lib/rack/sendfile.rb:113:in `call'
  railties (4.2.11) lib/rails/engine.rb:518:in `call'
  railties (4.2.11) lib/rails/application.rb:165:in `call'
  rack (1.6.11) lib/rack/lock.rb:17:in `call'
  rack (1.6.11) lib/rack/content_length.rb:15:in `call'
  rack (1.6.11) lib/rack/handler/webrick.rb:88:in `service'
  /Users/stephanieabud/.rvm/rubies/ruby-2.3.3/lib/ruby/2.3.0/webrick/httpserver.rb:140:in `service'
  /Users/stephanieabud/.rvm/rubies/ruby-2.3.3/lib/ruby/2.3.0/webrick/httpserver.rb:96:in `run'
  /Users/stephanieabud/.rvm/rubies/ruby-2.3.3/lib/ruby/2.3.0/webrick/server.rb:296:in `block in start_thread'


  Rendered /Users/stephanieabud/.rvm/gems/ruby-2.3.3/gems/actionpack-4.2.11/lib/action_dispatch/middleware/templates/rescues/_trace.html.erb (2.6ms)
  Rendered /Users/stephanieabud/.rvm/gems/ruby-2.3.3/gems/actionpack-4.2.11/lib/action_dispatch/middleware/templates/routes/_route.html.erb (0.6ms)
  Rendered /Users/stephanieabud/.rvm/gems/ruby-2.3.3/gems/actionpack-4.2.11/lib/action_dispatch/middleware/templates/routes/_table.html.erb (2.3ms)
  Rendered /Users/stephanieabud/.rvm/gems/ruby-2.3.3/gems/actionpack-4.2.11/lib/action_dispatch/middleware/templates/rescues/_request_and_response.html.erb (1.4ms)
  Rendered /Users/stephanieabud/.rvm/gems/ruby-2.3.3/gems/actionpack-4.2.11/lib/action_dispatch/middleware/templates/rescues/routing_error.html.erb within rescues/layout (148.9ms)


Started GET "/all" for ::1 at 2019-02-04 15:45:12 -0500

SyntaxError (/Users/stephanieabud/Documents/GitHub/rails-hello-world-lab-dumbo-web-career-010719/config/routes.rb:58: syntax error, unexpected tIDENTIFIER, expecting keyword_end
    get '/all' to: 'alls#index'
                 ^):
  config/routes.rb:58: syntax error, unexpected tIDENTIFIER, expecting keyword_end


  Rendered /Users/stephanieabud/.rvm/gems/ruby-2.3.3/gems/actionpack-4.2.11/lib/action_dispatch/middleware/templates/rescues/_source.erb (4.3ms)
  Rendered /Users/stephanieabud/.rvm/gems/ruby-2.3.3/gems/actionpack-4.2.11/lib/action_dispatch/middleware/templates/rescues/_trace.html.erb (1.6ms)
  Rendered /Users/stephanieabud/.rvm/gems/ruby-2.3.3/gems/actionpack-4.2.11/lib/action_dispatch/middleware/templates/rescues/_request_and_response.html.erb (0.8ms)
  Rendered /Users/stephanieabud/.rvm/gems/ruby-2.3.3/gems/actionpack-4.2.11/lib/action_dispatch/middleware/templates/rescues/diagnostics.html.erb within rescues/layout (105.2ms)


Started GET "/all" for ::1 at 2019-02-04 15:45:43 -0500

SyntaxError (/Users/stephanieabud/Documents/GitHub/rails-hello-world-lab-dumbo-web-career-010719/config/routes.rb:58: syntax error, unexpected tIDENTIFIER, expecting keyword_end
    get '/hello_world' to: 'alls#index'
                         ^):
  config/routes.rb:58: syntax error, unexpected tIDENTIFIER, expecting keyword_end


  Rendered /Users/stephanieabud/.rvm/gems/ruby-2.3.3/gems/actionpack-4.2.11/lib/action_dispatch/middleware/templates/rescues/_source.erb (2.8ms)
  Rendered /Users/stephanieabud/.rvm/gems/ruby-2.3.3/gems/actionpack-4.2.11/lib/action_dispatch/middleware/templates/rescues/_trace.html.erb (1.5ms)
  Rendered /Users/stephanieabud/.rvm/gems/ruby-2.3.3/gems/actionpack-4.2.11/lib/action_dispatch/middleware/templates/rescues/_request_and_response.html.erb (0.8ms)
  Rendered /Users/stephanieabud/.rvm/gems/ruby-2.3.3/gems/actionpack-4.2.11/lib/action_dispatch/middleware/templates/rescues/diagnostics.html.erb within rescues/layout (89.9ms)


Started GET "/all" for ::1 at 2019-02-04 15:47:12 -0500

ActionController::RoutingError (No route matches [GET] "/all"):
  actionpack (4.2.11) lib/action_dispatch/middleware/debug_exceptions.rb:21:in `call'
  actionpack (4.2.11) lib/action_dispatch/middleware/show_exceptions.rb:30:in `call'
  railties (4.2.11) lib/rails/rack/logger.rb:38:in `call_app'
  railties (4.2.11) lib/rails/rack/logger.rb:20:in `block in call'
  activesupport (4.2.11) lib/active_support/tagged_logging.rb:68:in `block in tagged'
  activesupport (4.2.11) lib/active_support/tagged_logging.rb:26:in `tagged'
  activesupport (4.2.11) lib/active_support/tagged_logging.rb:68:in `tagged'
  railties (4.2.11) lib/rails/rack/logger.rb:20:in `call'
  actionpack (4.2.11) lib/action_dispatch/middleware/request_id.rb:21:in `call'
  rack (1.6.11) lib/rack/methodoverride.rb:22:in `call'
  rack (1.6.11) lib/rack/runtime.rb:18:in `call'
  activesupport (4.2.11) lib/active_support/cache/strategy/local_cache_middleware.rb:28:in `call'
  rack (1.6.11) lib/rack/lock.rb:17:in `call'
  actionpack (4.2.11) lib/action_dispatch/middleware/static.rb:120:in `call'
  rack (1.6.11) lib/rack/sendfile.rb:113:in `call'
  railties (4.2.11) lib/rails/engine.rb:518:in `call'
  railties (4.2.11) lib/rails/application.rb:165:in `call'
  rack (1.6.11) lib/rack/lock.rb:17:in `call'
  rack (1.6.11) lib/rack/content_length.rb:15:in `call'
  rack (1.6.11) lib/rack/handler/webrick.rb:88:in `service'
  /Users/stephanieabud/.rvm/rubies/ruby-2.3.3/lib/ruby/2.3.0/webrick/httpserver.rb:140:in `service'
  /Users/stephanieabud/.rvm/rubies/ruby-2.3.3/lib/ruby/2.3.0/webrick/httpserver.rb:96:in `run'
  /Users/stephanieabud/.rvm/rubies/ruby-2.3.3/lib/ruby/2.3.0/webrick/server.rb:296:in `block in start_thread'


  Rendered /Users/stephanieabud/.rvm/gems/ruby-2.3.3/gems/actionpack-4.2.11/lib/action_dispatch/middleware/templates/rescues/_trace.html.erb (1.1ms)
  Rendered /Users/stephanieabud/.rvm/gems/ruby-2.3.3/gems/actionpack-4.2.11/lib/action_dispatch/middleware/templates/routes/_route.html.erb (0.9ms)
  Rendered /Users/stephanieabud/.rvm/gems/ruby-2.3.3/gems/actionpack-4.2.11/lib/action_dispatch/middleware/templates/routes/_table.html.erb (1.2ms)
  Rendered /Users/stephanieabud/.rvm/gems/ruby-2.3.3/gems/actionpack-4.2.11/lib/action_dispatch/middleware/templates/rescues/_request_and_response.html.erb (1.0ms)
  Rendered /Users/stephanieabud/.rvm/gems/ruby-2.3.3/gems/actionpack-4.2.11/lib/action_dispatch/middleware/templates/rescues/routing_error.html.erb within rescues/layout (128.3ms)


Started GET "/hello_world" for ::1 at 2019-02-04 15:47:26 -0500

ActionController::RoutingError (uninitialized constant AllsController):
  activesupport (4.2.11) lib/active_support/inflector/methods.rb:261:in `const_get'
  activesupport (4.2.11) lib/active_support/inflector/methods.rb:261:in `block in constantize'
  activesupport (4.2.11) lib/active_support/inflector/methods.rb:259:in `each'
  activesupport (4.2.11) lib/active_support/inflector/methods.rb:259:in `inject'
  activesupport (4.2.11) lib/active_support/inflector/methods.rb:259:in `constantize'
  actionpack (4.2.11) lib/action_dispatch/routing/route_set.rb:70:in `controller_reference'
  actionpack (4.2.11) lib/action_dispatch/routing/route_set.rb:60:in `controller'
  actionpack (4.2.11) lib/action_dispatch/routing/route_set.rb:39:in `serve'
  actionpack (4.2.11) lib/action_dispatch/journey/router.rb:43:in `block in serve'
  actionpack (4.2.11) lib/action_dispatch/journey/router.rb:30:in `each'
  actionpack (4.2.11) lib/action_dispatch/journey/router.rb:30:in `serve'
  actionpack (4.2.11) lib/action_dispatch/routing/route_set.rb:817:in `call'
  rack (1.6.11) lib/rack/etag.rb:24:in `call'
  rack (1.6.11) lib/rack/conditionalget.rb:25:in `call'
  rack (1.6.11) lib/rack/head.rb:13:in `call'
  actionpack (4.2.11) lib/action_dispatch/middleware/params_parser.rb:27:in `call'
  actionpack (4.2.11) lib/action_dispatch/middleware/flash.rb:260:in `call'
  rack (1.6.11) lib/rack/session/abstract/id.rb:225:in `context'
  rack (1.6.11) lib/rack/session/abstract/id.rb:220:in `call'
  actionpack (4.2.11) lib/action_dispatch/middleware/cookies.rb:560:in `call'
  activerecord (4.2.11) lib/active_record/query_cache.rb:36:in `call'
  activerecord (4.2.11) lib/active_record/connection_adapters/abstract/connection_pool.rb:653:in `call'
  activerecord (4.2.11) lib/active_record/migration.rb:377:in `call'
  actionpack (4.2.11) lib/action_dispatch/middleware/callbacks.rb:29:in `block in call'
  activesupport (4.2.11) lib/active_support/callbacks.rb:88:in `__run_callbacks__'
  activesupport (4.2.11) lib/active_support/callbacks.rb:778:in `_run_call_callbacks'
  activesupport (4.2.11) lib/active_support/callbacks.rb:81:in `run_callbacks'
  actionpack (4.2.11) lib/action_dispatch/middleware/callbacks.rb:27:in `call'
  actionpack (4.2.11) lib/action_dispatch/middleware/reloader.rb:73:in `call'
  actionpack (4.2.11) lib/action_dispatch/middleware/remote_ip.rb:78:in `call'
  actionpack (4.2.11) lib/action_dispatch/middleware/debug_exceptions.rb:17:in `call'
  actionpack (4.2.11) lib/action_dispatch/middleware/show_exceptions.rb:30:in `call'
  railties (4.2.11) lib/rails/rack/logger.rb:38:in `call_app'
  railties (4.2.11) lib/rails/rack/logger.rb:20:in `block in call'
  activesupport (4.2.11) lib/active_support/tagged_logging.rb:68:in `block in tagged'
  activesupport (4.2.11) lib/active_support/tagged_logging.rb:26:in `tagged'
  activesupport (4.2.11) lib/active_support/tagged_logging.rb:68:in `tagged'
  railties (4.2.11) lib/rails/rack/logger.rb:20:in `call'
  actionpack (4.2.11) lib/action_dispatch/middleware/request_id.rb:21:in `call'
  rack (1.6.11) lib/rack/methodoverride.rb:22:in `call'
  rack (1.6.11) lib/rack/runtime.rb:18:in `call'
  activesupport (4.2.11) lib/active_support/cache/strategy/local_cache_middleware.rb:28:in `call'
  rack (1.6.11) lib/rack/lock.rb:17:in `call'
  actionpack (4.2.11) lib/action_dispatch/middleware/static.rb:120:in `call'
  rack (1.6.11) lib/rack/sendfile.rb:113:in `call'
  railties (4.2.11) lib/rails/engine.rb:518:in `call'
  railties (4.2.11) lib/rails/application.rb:165:in `call'
  rack (1.6.11) lib/rack/lock.rb:17:in `call'
  rack (1.6.11) lib/rack/content_length.rb:15:in `call'
  rack (1.6.11) lib/rack/handler/webrick.rb:88:in `service'
  /Users/stephanieabud/.rvm/rubies/ruby-2.3.3/lib/ruby/2.3.0/webrick/httpserver.rb:140:in `service'
  /Users/stephanieabud/.rvm/rubies/ruby-2.3.3/lib/ruby/2.3.0/webrick/httpserver.rb:96:in `run'
  /Users/stephanieabud/.rvm/rubies/ruby-2.3.3/lib/ruby/2.3.0/webrick/server.rb:296:in `block in start_thread'


  Rendered /Users/stephanieabud/.rvm/gems/ruby-2.3.3/gems/actionpack-4.2.11/lib/action_dispatch/middleware/templates/rescues/_trace.html.erb (1.6ms)
  Rendered /Users/stephanieabud/.rvm/gems/ruby-2.3.3/gems/actionpack-4.2.11/lib/action_dispatch/middleware/templates/routes/_route.html.erb (0.7ms)
  Rendered /Users/stephanieabud/.rvm/gems/ruby-2.3.3/gems/actionpack-4.2.11/lib/action_dispatch/middleware/templates/routes/_table.html.erb (1.4ms)
  Rendered /Users/stephanieabud/.rvm/gems/ruby-2.3.3/gems/actionpack-4.2.11/lib/action_dispatch/middleware/templates/rescues/_request_and_response.html.erb (1.1ms)
  Rendered /Users/stephanieabud/.rvm/gems/ruby-2.3.3/gems/actionpack-4.2.11/lib/action_dispatch/middleware/templates/rescues/routing_error.html.erb within rescues/layout (120.8ms)


Started GET "/hello_world" for ::1 at 2019-02-04 15:48:02 -0500

LoadError (Unable to autoload constant HelloWorldController, expected /Users/stephanieabud/Documents/GitHub/rails-hello-world-lab-dumbo-web-career-010719/app/controllers/hello_world_controller.rb to define it):
  activesupport (4.2.11) lib/active_support/dependencies.rb:495:in `load_missing_constant'
  activesupport (4.2.11) lib/active_support/dependencies.rb:184:in `const_missing'
  activesupport (4.2.11) lib/active_support/inflector/methods.rb:261:in `const_get'
  activesupport (4.2.11) lib/active_support/inflector/methods.rb:261:in `block in constantize'
  activesupport (4.2.11) lib/active_support/inflector/methods.rb:259:in `each'
  activesupport (4.2.11) lib/active_support/inflector/methods.rb:259:in `inject'
  activesupport (4.2.11) lib/active_support/inflector/methods.rb:259:in `constantize'
  activesupport (4.2.11) lib/active_support/dependencies.rb:566:in `get'
  activesupport (4.2.11) lib/active_support/dependencies.rb:597:in `constantize'
  actionpack (4.2.11) lib/action_dispatch/routing/route_set.rb:70:in `controller_reference'
  actionpack (4.2.11) lib/action_dispatch/routing/route_set.rb:60:in `controller'
  actionpack (4.2.11) lib/action_dispatch/routing/route_set.rb:39:in `serve'
  actionpack (4.2.11) lib/action_dispatch/journey/router.rb:43:in `block in serve'
  actionpack (4.2.11) lib/action_dispatch/journey/router.rb:30:in `each'
  actionpack (4.2.11) lib/action_dispatch/journey/router.rb:30:in `serve'
  actionpack (4.2.11) lib/action_dispatch/routing/route_set.rb:817:in `call'
  rack (1.6.11) lib/rack/etag.rb:24:in `call'
  rack (1.6.11) lib/rack/conditionalget.rb:25:in `call'
  rack (1.6.11) lib/rack/head.rb:13:in `call'
  actionpack (4.2.11) lib/action_dispatch/middleware/params_parser.rb:27:in `call'
  actionpack (4.2.11) lib/action_dispatch/middleware/flash.rb:260:in `call'
  rack (1.6.11) lib/rack/session/abstract/id.rb:225:in `context'
  rack (1.6.11) lib/rack/session/abstract/id.rb:220:in `call'
  actionpack (4.2.11) lib/action_dispatch/middleware/cookies.rb:560:in `call'
  activerecord (4.2.11) lib/active_record/query_cache.rb:36:in `call'
  activerecord (4.2.11) lib/active_record/connection_adapters/abstract/connection_pool.rb:653:in `call'
  activerecord (4.2.11) lib/active_record/migration.rb:377:in `call'
  actionpack (4.2.11) lib/action_dispatch/middleware/callbacks.rb:29:in `block in call'
  activesupport (4.2.11) lib/active_support/callbacks.rb:88:in `__run_callbacks__'
  activesupport (4.2.11) lib/active_support/callbacks.rb:778:in `_run_call_callbacks'
  activesupport (4.2.11) lib/active_support/callbacks.rb:81:in `run_callbacks'
  actionpack (4.2.11) lib/action_dispatch/middleware/callbacks.rb:27:in `call'
  actionpack (4.2.11) lib/action_dispatch/middleware/reloader.rb:73:in `call'
  actionpack (4.2.11) lib/action_dispatch/middleware/remote_ip.rb:78:in `call'
  actionpack (4.2.11) lib/action_dispatch/middleware/debug_exceptions.rb:17:in `call'
  actionpack (4.2.11) lib/action_dispatch/middleware/show_exceptions.rb:30:in `call'
  railties (4.2.11) lib/rails/rack/logger.rb:38:in `call_app'
  railties (4.2.11) lib/rails/rack/logger.rb:20:in `block in call'
  activesupport (4.2.11) lib/active_support/tagged_logging.rb:68:in `block in tagged'
  activesupport (4.2.11) lib/active_support/tagged_logging.rb:26:in `tagged'
  activesupport (4.2.11) lib/active_support/tagged_logging.rb:68:in `tagged'
  railties (4.2.11) lib/rails/rack/logger.rb:20:in `call'
  actionpack (4.2.11) lib/action_dispatch/middleware/request_id.rb:21:in `call'
  rack (1.6.11) lib/rack/methodoverride.rb:22:in `call'
  rack (1.6.11) lib/rack/runtime.rb:18:in `call'
  activesupport (4.2.11) lib/active_support/cache/strategy/local_cache_middleware.rb:28:in `call'
  rack (1.6.11) lib/rack/lock.rb:17:in `call'
  actionpack (4.2.11) lib/action_dispatch/middleware/static.rb:120:in `call'
  rack (1.6.11) lib/rack/sendfile.rb:113:in `call'
  railties (4.2.11) lib/rails/engine.rb:518:in `call'
  railties (4.2.11) lib/rails/application.rb:165:in `call'
  rack (1.6.11) lib/rack/lock.rb:17:in `call'
  rack (1.6.11) lib/rack/content_length.rb:15:in `call'
  rack (1.6.11) lib/rack/handler/webrick.rb:88:in `service'
  /Users/stephanieabud/.rvm/rubies/ruby-2.3.3/lib/ruby/2.3.0/webrick/httpserver.rb:140:in `service'
  /Users/stephanieabud/.rvm/rubies/ruby-2.3.3/lib/ruby/2.3.0/webrick/httpserver.rb:96:in `run'
  /Users/stephanieabud/.rvm/rubies/ruby-2.3.3/lib/ruby/2.3.0/webrick/server.rb:296:in `block in start_thread'


  Rendered /Users/stephanieabud/.rvm/gems/ruby-2.3.3/gems/actionpack-4.2.11/lib/action_dispatch/middleware/templates/rescues/_source.erb (3.1ms)
  Rendered /Users/stephanieabud/.rvm/gems/ruby-2.3.3/gems/actionpack-4.2.11/lib/action_dispatch/middleware/templates/rescues/_trace.html.erb (2.2ms)
  Rendered /Users/stephanieabud/.rvm/gems/ruby-2.3.3/gems/actionpack-4.2.11/lib/action_dispatch/middleware/templates/rescues/_request_and_response.html.erb (0.9ms)
  Rendered /Users/stephanieabud/.rvm/gems/ruby-2.3.3/gems/actionpack-4.2.11/lib/action_dispatch/middleware/templates/rescues/diagnostics.html.erb within rescues/layout (98.1ms)


Started GET "/hello_world" for ::1 at 2019-02-04 15:48:26 -0500

LoadError (Unable to autoload constant HelloWorldController, expected /Users/stephanieabud/Documents/GitHub/rails-hello-world-lab-dumbo-web-career-010719/app/controllers/hello_world_controller.rb to define it):
  activesupport (4.2.11) lib/active_support/dependencies.rb:495:in `load_missing_constant'
  activesupport (4.2.11) lib/active_support/dependencies.rb:184:in `const_missing'
  activesupport (4.2.11) lib/active_support/inflector/methods.rb:261:in `const_get'
  activesupport (4.2.11) lib/active_support/inflector/methods.rb:261:in `block in constantize'
  activesupport (4.2.11) lib/active_support/inflector/methods.rb:259:in `each'
  activesupport (4.2.11) lib/active_support/inflector/methods.rb:259:in `inject'
  activesupport (4.2.11) lib/active_support/inflector/methods.rb:259:in `constantize'
  activesupport (4.2.11) lib/active_support/dependencies.rb:566:in `get'
  activesupport (4.2.11) lib/active_support/dependencies.rb:597:in `constantize'
  actionpack (4.2.11) lib/action_dispatch/routing/route_set.rb:70:in `controller_reference'
  actionpack (4.2.11) lib/action_dispatch/routing/route_set.rb:60:in `controller'
  actionpack (4.2.11) lib/action_dispatch/routing/route_set.rb:39:in `serve'
  actionpack (4.2.11) lib/action_dispatch/journey/router.rb:43:in `block in serve'
  actionpack (4.2.11) lib/action_dispatch/journey/router.rb:30:in `each'
  actionpack (4.2.11) lib/action_dispatch/journey/router.rb:30:in `serve'
  actionpack (4.2.11) lib/action_dispatch/routing/route_set.rb:817:in `call'
  rack (1.6.11) lib/rack/etag.rb:24:in `call'
  rack (1.6.11) lib/rack/conditionalget.rb:25:in `call'
  rack (1.6.11) lib/rack/head.rb:13:in `call'
  actionpack (4.2.11) lib/action_dispatch/middleware/params_parser.rb:27:in `call'
  actionpack (4.2.11) lib/action_dispatch/middleware/flash.rb:260:in `call'
  rack (1.6.11) lib/rack/session/abstract/id.rb:225:in `context'
  rack (1.6.11) lib/rack/session/abstract/id.rb:220:in `call'
  actionpack (4.2.11) lib/action_dispatch/middleware/cookies.rb:560:in `call'
  activerecord (4.2.11) lib/active_record/query_cache.rb:36:in `call'
  activerecord (4.2.11) lib/active_record/connection_adapters/abstract/connection_pool.rb:653:in `call'
  activerecord (4.2.11) lib/active_record/migration.rb:377:in `call'
  actionpack (4.2.11) lib/action_dispatch/middleware/callbacks.rb:29:in `block in call'
  activesupport (4.2.11) lib/active_support/callbacks.rb:88:in `__run_callbacks__'
  activesupport (4.2.11) lib/active_support/callbacks.rb:778:in `_run_call_callbacks'
  activesupport (4.2.11) lib/active_support/callbacks.rb:81:in `run_callbacks'
  actionpack (4.2.11) lib/action_dispatch/middleware/callbacks.rb:27:in `call'
  actionpack (4.2.11) lib/action_dispatch/middleware/reloader.rb:73:in `call'
  actionpack (4.2.11) lib/action_dispatch/middleware/remote_ip.rb:78:in `call'
  actionpack (4.2.11) lib/action_dispatch/middleware/debug_exceptions.rb:17:in `call'
  actionpack (4.2.11) lib/action_dispatch/middleware/show_exceptions.rb:30:in `call'
  railties (4.2.11) lib/rails/rack/logger.rb:38:in `call_app'
  railties (4.2.11) lib/rails/rack/logger.rb:20:in `block in call'
  activesupport (4.2.11) lib/active_support/tagged_logging.rb:68:in `block in tagged'
  activesupport (4.2.11) lib/active_support/tagged_logging.rb:26:in `tagged'
  activesupport (4.2.11) lib/active_support/tagged_logging.rb:68:in `tagged'
  railties (4.2.11) lib/rails/rack/logger.rb:20:in `call'
  actionpack (4.2.11) lib/action_dispatch/middleware/request_id.rb:21:in `call'
  rack (1.6.11) lib/rack/methodoverride.rb:22:in `call'
  rack (1.6.11) lib/rack/runtime.rb:18:in `call'
  activesupport (4.2.11) lib/active_support/cache/strategy/local_cache_middleware.rb:28:in `call'
  rack (1.6.11) lib/rack/lock.rb:17:in `call'
  actionpack (4.2.11) lib/action_dispatch/middleware/static.rb:120:in `call'
  rack (1.6.11) lib/rack/sendfile.rb:113:in `call'
  railties (4.2.11) lib/rails/engine.rb:518:in `call'
  railties (4.2.11) lib/rails/application.rb:165:in `call'
  rack (1.6.11) lib/rack/lock.rb:17:in `call'
  rack (1.6.11) lib/rack/content_length.rb:15:in `call'
  rack (1.6.11) lib/rack/handler/webrick.rb:88:in `service'
  /Users/stephanieabud/.rvm/rubies/ruby-2.3.3/lib/ruby/2.3.0/webrick/httpserver.rb:140:in `service'
  /Users/stephanieabud/.rvm/rubies/ruby-2.3.3/lib/ruby/2.3.0/webrick/httpserver.rb:96:in `run'
  /Users/stephanieabud/.rvm/rubies/ruby-2.3.3/lib/ruby/2.3.0/webrick/server.rb:296:in `block in start_thread'


  Rendered /Users/stephanieabud/.rvm/gems/ruby-2.3.3/gems/actionpack-4.2.11/lib/action_dispatch/middleware/templates/rescues/_source.erb (5.4ms)
  Rendered /Users/stephanieabud/.rvm/gems/ruby-2.3.3/gems/actionpack-4.2.11/lib/action_dispatch/middleware/templates/rescues/_trace.html.erb (2.7ms)
  Rendered /Users/stephanieabud/.rvm/gems/ruby-2.3.3/gems/actionpack-4.2.11/lib/action_dispatch/middleware/templates/rescues/_request_and_response.html.erb (1.0ms)
  Rendered /Users/stephanieabud/.rvm/gems/ruby-2.3.3/gems/actionpack-4.2.11/lib/action_dispatch/middleware/templates/rescues/diagnostics.html.erb within rescues/layout (99.0ms)


Started GET "/hello_world" for ::1 at 2019-02-04 15:49:00 -0500

LoadError (Unable to autoload constant HelloWorldController, expected /Users/stephanieabud/Documents/GitHub/rails-hello-world-lab-dumbo-web-career-010719/app/controllers/hello_world_controller.rb to define it):
  activesupport (4.2.11) lib/active_support/dependencies.rb:495:in `load_missing_constant'
  activesupport (4.2.11) lib/active_support/dependencies.rb:184:in `const_missing'
  activesupport (4.2.11) lib/active_support/inflector/methods.rb:261:in `const_get'
  activesupport (4.2.11) lib/active_support/inflector/methods.rb:261:in `block in constantize'
  activesupport (4.2.11) lib/active_support/inflector/methods.rb:259:in `each'
  activesupport (4.2.11) lib/active_support/inflector/methods.rb:259:in `inject'
  activesupport (4.2.11) lib/active_support/inflector/methods.rb:259:in `constantize'
  activesupport (4.2.11) lib/active_support/dependencies.rb:566:in `get'
  activesupport (4.2.11) lib/active_support/dependencies.rb:597:in `constantize'
  actionpack (4.2.11) lib/action_dispatch/routing/route_set.rb:70:in `controller_reference'
  actionpack (4.2.11) lib/action_dispatch/routing/route_set.rb:60:in `controller'
  actionpack (4.2.11) lib/action_dispatch/routing/route_set.rb:39:in `serve'
  actionpack (4.2.11) lib/action_dispatch/journey/router.rb:43:in `block in serve'
  actionpack (4.2.11) lib/action_dispatch/journey/router.rb:30:in `each'
  actionpack (4.2.11) lib/action_dispatch/journey/router.rb:30:in `serve'
  actionpack (4.2.11) lib/action_dispatch/routing/route_set.rb:817:in `call'
  rack (1.6.11) lib/rack/etag.rb:24:in `call'
  rack (1.6.11) lib/rack/conditionalget.rb:25:in `call'
  rack (1.6.11) lib/rack/head.rb:13:in `call'
  actionpack (4.2.11) lib/action_dispatch/middleware/params_parser.rb:27:in `call'
  actionpack (4.2.11) lib/action_dispatch/middleware/flash.rb:260:in `call'
  rack (1.6.11) lib/rack/session/abstract/id.rb:225:in `context'
  rack (1.6.11) lib/rack/session/abstract/id.rb:220:in `call'
  actionpack (4.2.11) lib/action_dispatch/middleware/cookies.rb:560:in `call'
  activerecord (4.2.11) lib/active_record/query_cache.rb:36:in `call'
  activerecord (4.2.11) lib/active_record/connection_adapters/abstract/connection_pool.rb:653:in `call'
  activerecord (4.2.11) lib/active_record/migration.rb:377:in `call'
  actionpack (4.2.11) lib/action_dispatch/middleware/callbacks.rb:29:in `block in call'
  activesupport (4.2.11) lib/active_support/callbacks.rb:88:in `__run_callbacks__'
  activesupport (4.2.11) lib/active_support/callbacks.rb:778:in `_run_call_callbacks'
  activesupport (4.2.11) lib/active_support/callbacks.rb:81:in `run_callbacks'
  actionpack (4.2.11) lib/action_dispatch/middleware/callbacks.rb:27:in `call'
  actionpack (4.2.11) lib/action_dispatch/middleware/reloader.rb:73:in `call'
  actionpack (4.2.11) lib/action_dispatch/middleware/remote_ip.rb:78:in `call'
  actionpack (4.2.11) lib/action_dispatch/middleware/debug_exceptions.rb:17:in `call'
  actionpack (4.2.11) lib/action_dispatch/middleware/show_exceptions.rb:30:in `call'
  railties (4.2.11) lib/rails/rack/logger.rb:38:in `call_app'
  railties (4.2.11) lib/rails/rack/logger.rb:20:in `block in call'
  activesupport (4.2.11) lib/active_support/tagged_logging.rb:68:in `block in tagged'
  activesupport (4.2.11) lib/active_support/tagged_logging.rb:26:in `tagged'
  activesupport (4.2.11) lib/active_support/tagged_logging.rb:68:in `tagged'
  railties (4.2.11) lib/rails/rack/logger.rb:20:in `call'
  actionpack (4.2.11) lib/action_dispatch/middleware/request_id.rb:21:in `call'
  rack (1.6.11) lib/rack/methodoverride.rb:22:in `call'
  rack (1.6.11) lib/rack/runtime.rb:18:in `call'
  activesupport (4.2.11) lib/active_support/cache/strategy/local_cache_middleware.rb:28:in `call'
  rack (1.6.11) lib/rack/lock.rb:17:in `call'
  actionpack (4.2.11) lib/action_dispatch/middleware/static.rb:120:in `call'
  rack (1.6.11) lib/rack/sendfile.rb:113:in `call'
  railties (4.2.11) lib/rails/engine.rb:518:in `call'
  railties (4.2.11) lib/rails/application.rb:165:in `call'
  rack (1.6.11) lib/rack/lock.rb:17:in `call'
  rack (1.6.11) lib/rack/content_length.rb:15:in `call'
  rack (1.6.11) lib/rack/handler/webrick.rb:88:in `service'
  /Users/stephanieabud/.rvm/rubies/ruby-2.3.3/lib/ruby/2.3.0/webrick/httpserver.rb:140:in `service'
  /Users/stephanieabud/.rvm/rubies/ruby-2.3.3/lib/ruby/2.3.0/webrick/httpserver.rb:96:in `run'
  /Users/stephanieabud/.rvm/rubies/ruby-2.3.3/lib/ruby/2.3.0/webrick/server.rb:296:in `block in start_thread'


  Rendered /Users/stephanieabud/.rvm/gems/ruby-2.3.3/gems/actionpack-4.2.11/lib/action_dispatch/middleware/templates/rescues/_source.erb (4.9ms)
  Rendered /Users/stephanieabud/.rvm/gems/ruby-2.3.3/gems/actionpack-4.2.11/lib/action_dispatch/middleware/templates/rescues/_trace.html.erb (3.0ms)
  Rendered /Users/stephanieabud/.rvm/gems/ruby-2.3.3/gems/actionpack-4.2.11/lib/action_dispatch/middleware/templates/rescues/_request_and_response.html.erb (0.9ms)
  Rendered /Users/stephanieabud/.rvm/gems/ruby-2.3.3/gems/actionpack-4.2.11/lib/action_dispatch/middleware/templates/rescues/diagnostics.html.erb within rescues/layout (97.4ms)
  [1m[36m (2.4ms)[0m  [1mCREATE TABLE "schema_migrations" ("version" varchar NOT NULL) [0m
  [1m[35m (0.1ms)[0m  select sqlite_version(*)
  [1m[36m (1.9ms)[0m  [1mCREATE UNIQUE INDEX "unique_schema_migrations" ON "schema_migrations" ("version")[0m
  [1m[35mActiveRecord::SchemaMigration Load (0.2ms)[0m  SELECT "schema_migrations".* FROM "schema_migrations"
Migrating to CreateHelloWorlds (20190204205019)
  [1m[36m (0.1ms)[0m  [1mbegin transaction[0m
  [1m[35m (0.9ms)[0m  CREATE TABLE "hello_worlds" ("id" INTEGER PRIMARY KEY AUTOINCREMENT NOT NULL, "name" varchar, "created_at" datetime NOT NULL, "updated_at" datetime NOT NULL) 
  [1m[36mSQL (0.3ms)[0m  [1mINSERT INTO "schema_migrations" ("version") VALUES (?)[0m  [["version", "20190204205019"]]
  [1m[35m (2.1ms)[0m  commit transaction
  [1m[36mActiveRecord::SchemaMigration Load (0.1ms)[0m  [1mSELECT "schema_migrations".* FROM "schema_migrations"[0m


Started GET "/hello_world" for ::1 at 2019-02-04 16:04:08 -0500
  [1m[36mActiveRecord::SchemaMigration Load (0.2ms)[0m  [1mSELECT "schema_migrations".* FROM "schema_migrations"[0m

ActionController::RoutingError (No route matches [GET] "/hello_world"):
  actionpack (4.2.11) lib/action_dispatch/middleware/debug_exceptions.rb:21:in `call'
  actionpack (4.2.11) lib/action_dispatch/middleware/show_exceptions.rb:30:in `call'
  railties (4.2.11) lib/rails/rack/logger.rb:38:in `call_app'
  railties (4.2.11) lib/rails/rack/logger.rb:20:in `block in call'
  activesupport (4.2.11) lib/active_support/tagged_logging.rb:68:in `block in tagged'
  activesupport (4.2.11) lib/active_support/tagged_logging.rb:26:in `tagged'
  activesupport (4.2.11) lib/active_support/tagged_logging.rb:68:in `tagged'
  railties (4.2.11) lib/rails/rack/logger.rb:20:in `call'
  actionpack (4.2.11) lib/action_dispatch/middleware/request_id.rb:21:in `call'
  rack (1.6.11) lib/rack/methodoverride.rb:22:in `call'
  rack (1.6.11) lib/rack/runtime.rb:18:in `call'
  activesupport (4.2.11) lib/active_support/cache/strategy/local_cache_middleware.rb:28:in `call'
  rack (1.6.11) lib/rack/lock.rb:17:in `call'
  actionpack (4.2.11) lib/action_dispatch/middleware/static.rb:120:in `call'
  rack (1.6.11) lib/rack/sendfile.rb:113:in `call'
  railties (4.2.11) lib/rails/engine.rb:518:in `call'
  railties (4.2.11) lib/rails/application.rb:165:in `call'
  rack (1.6.11) lib/rack/lock.rb:17:in `call'
  rack (1.6.11) lib/rack/content_length.rb:15:in `call'
  rack (1.6.11) lib/rack/handler/webrick.rb:88:in `service'
  /Users/stephanieabud/.rvm/rubies/ruby-2.3.3/lib/ruby/2.3.0/webrick/httpserver.rb:140:in `service'
  /Users/stephanieabud/.rvm/rubies/ruby-2.3.3/lib/ruby/2.3.0/webrick/httpserver.rb:96:in `run'
  /Users/stephanieabud/.rvm/rubies/ruby-2.3.3/lib/ruby/2.3.0/webrick/server.rb:296:in `block in start_thread'


  Rendered /Users/stephanieabud/.rvm/gems/ruby-2.3.3/gems/actionpack-4.2.11/lib/action_dispatch/middleware/templates/rescues/_trace.html.erb (2.0ms)
  Rendered /Users/stephanieabud/.rvm/gems/ruby-2.3.3/gems/actionpack-4.2.11/lib/action_dispatch/middleware/templates/routes/_route.html.erb (0.9ms)
  Rendered /Users/stephanieabud/.rvm/gems/ruby-2.3.3/gems/actionpack-4.2.11/lib/action_dispatch/middleware/templates/routes/_table.html.erb (4.3ms)
  Rendered /Users/stephanieabud/.rvm/gems/ruby-2.3.3/gems/actionpack-4.2.11/lib/action_dispatch/middleware/templates/rescues/_request_and_response.html.erb (1.3ms)
  Rendered /Users/stephanieabud/.rvm/gems/ruby-2.3.3/gems/actionpack-4.2.11/lib/action_dispatch/middleware/templates/rescues/routing_error.html.erb within rescues/layout (152.3ms)


Started GET "/hello_world" for ::1 at 2019-02-04 16:04:15 -0500

LoadError (Unable to autoload constant HelloWorldController, expected /Users/stephanieabud/Documents/GitHub/rails-hello-world-lab-dumbo-web-career-010719/app/controllers/hello_world_controller.rb to define it):
  activesupport (4.2.11) lib/active_support/dependencies.rb:495:in `load_missing_constant'
  activesupport (4.2.11) lib/active_support/dependencies.rb:184:in `const_missing'
  activesupport (4.2.11) lib/active_support/inflector/methods.rb:261:in `const_get'
  activesupport (4.2.11) lib/active_support/inflector/methods.rb:261:in `block in constantize'
  activesupport (4.2.11) lib/active_support/inflector/methods.rb:259:in `each'
  activesupport (4.2.11) lib/active_support/inflector/methods.rb:259:in `inject'
  activesupport (4.2.11) lib/active_support/inflector/methods.rb:259:in `constantize'
  activesupport (4.2.11) lib/active_support/dependencies.rb:566:in `get'
  activesupport (4.2.11) lib/active_support/dependencies.rb:597:in `constantize'
  actionpack (4.2.11) lib/action_dispatch/routing/route_set.rb:70:in `controller_reference'
  actionpack (4.2.11) lib/action_dispatch/routing/route_set.rb:60:in `controller'
  actionpack (4.2.11) lib/action_dispatch/routing/route_set.rb:39:in `serve'
  actionpack (4.2.11) lib/action_dispatch/journey/router.rb:43:in `block in serve'
  actionpack (4.2.11) lib/action_dispatch/journey/router.rb:30:in `each'
  actionpack (4.2.11) lib/action_dispatch/journey/router.rb:30:in `serve'
  actionpack (4.2.11) lib/action_dispatch/routing/route_set.rb:817:in `call'
  rack (1.6.11) lib/rack/etag.rb:24:in `call'
  rack (1.6.11) lib/rack/conditionalget.rb:25:in `call'
  rack (1.6.11) lib/rack/head.rb:13:in `call'
  actionpack (4.2.11) lib/action_dispatch/middleware/params_parser.rb:27:in `call'
  actionpack (4.2.11) lib/action_dispatch/middleware/flash.rb:260:in `call'
  rack (1.6.11) lib/rack/session/abstract/id.rb:225:in `context'
  rack (1.6.11) lib/rack/session/abstract/id.rb:220:in `call'
  actionpack (4.2.11) lib/action_dispatch/middleware/cookies.rb:560:in `call'
  activerecord (4.2.11) lib/active_record/query_cache.rb:36:in `call'
  activerecord (4.2.11) lib/active_record/connection_adapters/abstract/connection_pool.rb:653:in `call'
  activerecord (4.2.11) lib/active_record/migration.rb:377:in `call'
  actionpack (4.2.11) lib/action_dispatch/middleware/callbacks.rb:29:in `block in call'
  activesupport (4.2.11) lib/active_support/callbacks.rb:88:in `__run_callbacks__'
  activesupport (4.2.11) lib/active_support/callbacks.rb:778:in `_run_call_callbacks'
  activesupport (4.2.11) lib/active_support/callbacks.rb:81:in `run_callbacks'
  actionpack (4.2.11) lib/action_dispatch/middleware/callbacks.rb:27:in `call'
  actionpack (4.2.11) lib/action_dispatch/middleware/reloader.rb:73:in `call'
  actionpack (4.2.11) lib/action_dispatch/middleware/remote_ip.rb:78:in `call'
  actionpack (4.2.11) lib/action_dispatch/middleware/debug_exceptions.rb:17:in `call'
  actionpack (4.2.11) lib/action_dispatch/middleware/show_exceptions.rb:30:in `call'
  railties (4.2.11) lib/rails/rack/logger.rb:38:in `call_app'
  railties (4.2.11) lib/rails/rack/logger.rb:20:in `block in call'
  activesupport (4.2.11) lib/active_support/tagged_logging.rb:68:in `block in tagged'
  activesupport (4.2.11) lib/active_support/tagged_logging.rb:26:in `tagged'
  activesupport (4.2.11) lib/active_support/tagged_logging.rb:68:in `tagged'
  railties (4.2.11) lib/rails/rack/logger.rb:20:in `call'
  actionpack (4.2.11) lib/action_dispatch/middleware/request_id.rb:21:in `call'
  rack (1.6.11) lib/rack/methodoverride.rb:22:in `call'
  rack (1.6.11) lib/rack/runtime.rb:18:in `call'
  activesupport (4.2.11) lib/active_support/cache/strategy/local_cache_middleware.rb:28:in `call'
  rack (1.6.11) lib/rack/lock.rb:17:in `call'
  actionpack (4.2.11) lib/action_dispatch/middleware/static.rb:120:in `call'
  rack (1.6.11) lib/rack/sendfile.rb:113:in `call'
  railties (4.2.11) lib/rails/engine.rb:518:in `call'
  railties (4.2.11) lib/rails/application.rb:165:in `call'
  rack (1.6.11) lib/rack/lock.rb:17:in `call'
  rack (1.6.11) lib/rack/content_length.rb:15:in `call'
  rack (1.6.11) lib/rack/handler/webrick.rb:88:in `service'
  /Users/stephanieabud/.rvm/rubies/ruby-2.3.3/lib/ruby/2.3.0/webrick/httpserver.rb:140:in `service'
  /Users/stephanieabud/.rvm/rubies/ruby-2.3.3/lib/ruby/2.3.0/webrick/httpserver.rb:96:in `run'
  /Users/stephanieabud/.rvm/rubies/ruby-2.3.3/lib/ruby/2.3.0/webrick/server.rb:296:in `block in start_thread'


  Rendered /Users/stephanieabud/.rvm/gems/ruby-2.3.3/gems/actionpack-4.2.11/lib/action_dispatch/middleware/templates/rescues/_source.erb (3.9ms)
  Rendered /Users/stephanieabud/.rvm/gems/ruby-2.3.3/gems/actionpack-4.2.11/lib/action_dispatch/middleware/templates/rescues/_trace.html.erb (1.7ms)
  Rendered /Users/stephanieabud/.rvm/gems/ruby-2.3.3/gems/actionpack-4.2.11/lib/action_dispatch/middleware/templates/rescues/_request_and_response.html.erb (0.9ms)
  Rendered /Users/stephanieabud/.rvm/gems/ruby-2.3.3/gems/actionpack-4.2.11/lib/action_dispatch/middleware/templates/rescues/diagnostics.html.erb within rescues/layout (105.3ms)


Started GET "/hello_world" for ::1 at 2019-02-04 16:10:33 -0500
Processing by HelloWorldController#index as HTML
  Rendered hello_world/index.html.erb within layouts/application (0.4ms)
Completed 200 OK in 463ms (Views: 462.2ms | ActiveRecord: 0.0ms)


Started GET "/assets/jquery.self-bd7ddd393353a8d2480a622e80342adf488fb6006d667e8b42e4c0073393abee.js?body=1" for ::1 at 2019-02-04 16:10:34 -0500


Started GET "/assets/jquery_ujs.self-784a997f6726036b1993eb2217c9cb558e1cbb801c6da88105588c56f13b466a.js?body=1" for ::1 at 2019-02-04 16:10:34 -0500


Started GET "/assets/turbolinks.self-569ee74eaa15c1e2019317ff770b8769b1ec033a0f572a485f64c82ddc8f989e.js?body=1" for ::1 at 2019-02-04 16:10:34 -0500


Started GET "/assets/application.self-3b8dabdc891efe46b9a144b400ad69e37d7e5876bdc39dee783419a69d7ca819.js?body=1" for ::1 at 2019-02-04 16:10:34 -0500


Started GET "/assets/application.self-e80e8f2318043e8af94dddc2adad5a4f09739a8ebb323b3ab31cd71d45fd9113.css?body=1" for ::1 at 2019-02-04 16:10:34 -0500
